Building DAG of jobs...
Using shell: /bin/bash
Provided cores: 1
Rules claiming more threads will be scaled down.
Job counts:
	count	jobs
	1	all
	1	bcftools_call
	2	bwa_map
	1	plot_quals
	2	samtools_index
	2	samtools_sort
	9

[Sat Apr 18 14:17:28 2020]
rule bwa_map:
    input: ../Mus_musculus.GRCm38.dna_sm.primary_assembly.fa, fastq_tiny_1000/NSC_input1_SRR5027801_filter_sample1000.fastq
    output: mapped_reads/2.bam
    log: logs/bwa_mem/2.log
    jobid: 8
    wildcards: sample=2

(bwa mem -R '@RG\tID:2\tSM:2' -t 1 ../Mus_musculus.GRCm38.dna_sm.primary_assembly.fa fastq_tiny_1000/NSC_input1_SRR5027801_filter_sample1000.fastq | samtools view -Sb - > mapped_reads/2.bam) 2> logs/bwa_mem/2.log
Terminating processes on user request, this might take some time.
[Sat Apr 18 14:17:39 2020]
Error in rule bwa_map:
    jobid: 8
    output: mapped_reads/2.bam
    log: logs/bwa_mem/2.log (check log file(s) for error message)
    shell:
        (bwa mem -R '@RG\tID:2\tSM:2' -t 1 ../Mus_musculus.GRCm38.dna_sm.primary_assembly.fa fastq_tiny_1000/NSC_input1_SRR5027801_filter_sample1000.fastq | samtools view -Sb - > mapped_reads/2.bam) 2> logs/bwa_mem/2.log

Removing output files of failed job bwa_map since they might be corrupted:
mapped_reads/2.bam
Complete log: /Users/douglasbarrows/Desktop/R_functions/ChIP-seq_pipeline/ChIPseq_pipeline_python_implementation/with_snakemake/.snakemake/log/2020-04-18T141728.275562.snakemake.log
